Begin CCM3 Column Radiation Model
CCM3 CRM Results:
Conventions:
 Shortwave fluxes are positive downward
 Longwave fluxes are positive upward
 Net Radiative fluxes are positive downward (into the system)
 Fluxes defined to be zero are not reported (e.g., LW down flx TOA)
Abbreviations, Acronyms and Definitions:
 LW   = Longwave
 LWCF = Longwave Cloud Forcing
 NCF  = Net Cloud Forcing = SWCF+LWCF
 NIR  = Near Infrared (0.7 < lambda < 5.0 microns)
 N7   = NOAA7 satellite NIR instrument weighted flux
 NRF  = Net Radiative Flux: sum of SW and LW fluxes
 SW   = Shortwave
 SWCF = Shortwave Cloud Forcing
 TOA  = Top of Atmosphere
 Vis  = Visible (0.2 < lambda < 0.7 microns)
 atm  = Atmosphere
 clr  = Clear sky (diagnostic computation with no clouds)
 ctr  = Center
 dff  = Diffuse flux
 drc  = Direct flux
 dwn  = Downwelling
 frc  = Fraction
 lqd  = Liquid
 mpc  = Mass path column
 net  = Net flux = downwelling minus upwelling flux
 spc  = Spectral
 sfc  = Surface level
 vmr  = Volume mixing ratio
 wvl  = Wavelength
 um   = Microns
 up   = Upwelling
 
Sun-Earth Geometry:
 Year AD                        =         1950
 Day of year (Greenwich)        =    83.33333300000000     
 Local solar hour               =    7.999991999999907     
 Latitude                       =   0.0000000000000000E+000 degrees
 Longitude                      =   0.0000000000000000E+000 degrees
 Solar zenith angle             =    60.00642693989762      degrees
 Cosine solar zenith angle      =   0.4999028536921034     
 Earth-sun distance             =    1.005932519293962      AU
 Solar constant                 =    1367.000000000000      W m-2
 
Shortwave (SW) results ( < 5.0 um):
 SW albedo               =   0.6485502718336583     
 SW albedo (clr)         =   0.1577699532590109     
 SW down flux TOA        =    687.4212901018813      W m-2
 SW up flux TOA          =    445.8272645598191      W m-2
 SW up flux TOA (clr)    =    108.4544248086228      W m-2
 SW net flux TOA         =    241.5940255420621      W m-2
 SW net flux TOA (clr)   =    578.9668652932585      W m-2
 SW flux abs atm         =    154.0508509581025      W m-2
 SW flux abs atm (clr)   =    147.0976237647643      W m-2
 SW down flux sfc        =    97.27019398217735      W m-2
 SW up flux sfc          =    9.727019398217747      W m-2
 SW net flux sfc         =    87.54317458395960      W m-2
 SW net flux sfc (clr)   =    431.8692415284942      W m-2
 SW cloud forcing TOA    =   -337.3728397511964      W m-2
 SW cloud forcing sfc    =   -344.3260669445345      W m-2
 SWCF(sfc)/SWCF(TOA)     =    1.020609919869264     
 
Longwave (LW) results ( > 5.0 um):
 LW up flux TOA          =    267.9661380175843      W m-2
 LW up flux TOA (clr)    =    287.5329979421354      W m-2
 LW up flux sfc          =    423.6160248432000      W m-2
 LW down flux sfc        =    409.5421620868547      W m-2
 LW net flux sfc         =    14.07386275634536      W m-2
 LW net flux sfc (clr)   =    76.15179543559836      W m-2
 LW cloud forcing TOA    =    19.56685992455107      W m-2
 LW cloud forcing sfc    =    62.07793267925300      W m-2
 
Net Radiative Flux results (NRF=SW+LW):
 NRF up flux TOA         =    713.7934025774034      W m-2
 NRF down flux TOA       =    687.4212901018813      W m-2
 NRF net flux TOA        =   -26.37211247552219      W m-2
 NRF net flux TOA (clr)  =    291.4338673511231      W m-2
 NRF up flux sfc         =    433.3430442414178      W m-2
 NRF down flux sfc       =    506.8123560690320      W m-2
 NRF net flux sfc        =    73.46931182761423      W m-2
 NRF net flux sfc (clr)  =    355.7174460928958      W m-2
 NRF cloud forcing TOA   =   -317.8059798266453      W m-2
 NRF cloud forcing sfc   =   -282.2481342652816      W m-2
 
Specified atmospheric constituents:
 Visible AOD =   0.1400000000000000     
 H2O mpc     =    29.45420966678089      kg m-2
 O3  mpc     =   6.9467527197190311E-003 kg m-2
 O3  mpc     =    324.4084416284490      Dobson
 CO2 vmr     =   3.5500000000000003E-004
 N2O vmr     =   3.1100000000000003E-007
 CH4 vmr     =   1.7140000000000002E-006
 F11 vmr     =   2.8000000000000004E-010
 F12 vmr     =   5.0300000000000002E-010
 
Column extinction optical depths:
 Visible band = 0.3500--0.6400 um
 Tau total    =    29.33418255460604     
 Tau Ray      =   0.1551697054034049     
 Tau aer      =   0.2884785910431724     
 Tau lqd      =    28.87363534568299     
 Tau ice      =   0.0000000000000000E+000
 Tau O3       =   1.6898912476476617E-002
 Tau H2O      =   0.0000000000000000E+000
 Tau O2       =   0.0000000000000000E+000
 Tau CO2      =   0.0000000000000000E+000
 
Visible spectral fluxes:
 Visible band          = 0.3500--0.6400 um
 Down spc flux TOA     =    855.1023061036638      W m-2 um-1
 Up spc flux TOA       =    653.6152143335180      W m-2 um-1
 Down spc flux sfc     =    169.2175871590874      W m-2 um-1
 Down spc flux dff sfc =    169.2175871472118      W m-2 um-1
 Down spc flux drc sfc =   1.1875612825968964E-008 W m-2 um-1
 Up spc flux sfc       =    16.92175871590874      W m-2 um-1
 
Solar TOA radiation budget components:
 SW alb TOA              =   0.6485502718336583     
 Vis alb TOA             =   0.7401725864879313     
 NIR alb TOA             =   0.5688947939859162     
 alb(NIR)/alb(SW) TOA    =   0.8771791774560040     
 alb(NIR)/alb(Vis) TOA   =   0.7685974924919651     
 SW down flux TOA        =    687.4212901018814      W m-2
 SW up flux TOA          =    445.8272645598192      W m-2
 SW net flux TOA         =    241.5940255420621      W m-2
 Vis down flux TOA       =    319.6962697025215      W m-2
 Vis up flux TOA         =    236.6304148362586      W m-2
 Vis net flux TOA        =    83.06585486626290      W m-2
 NIR down flux TOA       =    367.7250203993598      W m-2
 NIR up flux TOA         =    209.1968497235606      W m-2
 NIR net flux TOA        =    158.5281706757992      W m-2
 NIR net flux TOA N7     =    162.0570933366699      W m-2
 NIR net flux TOA N7 (clr) =    347.2675036861392      W m-2
 
Solar surface radiation budget components:
 SW alb sfc              =   0.1000000000000000     
 Vis alb sfc             =   0.1000000000000000     
 NIR alb sfc             =   0.1000000000000000     
 SW down flux sfc        =    97.27019398217735      W m-2
 SW down flux drc sfc    =   9.5468682885160732E-009 W m-2
 SW down flux dff sfc    =    97.27019397263048      W m-2
 SW down flux dff/drc    =    10188701785.02795     
 Vis down flux sfc       =    60.69650750484040      W m-2
 Vis down flux drc sfc   =   4.4399238474670160E-009 W m-2
 Vis down flux dff sfc   =    60.69650750040048      W m-2
 Vis down flux dff/drc   =    13670619043.39371     
 NIR down flux sfc       =    36.57368647733694      W m-2
 NIR down flux drc sfc   =   5.1069444410490572E-009 W m-2
 NIR down flux dff sfc   =    36.57368647222999      W m-2
 NIR down flux dff/drc   =    7161559498.915775     
 
 
Cloud microphysics:
 Level  Pressure      r_e lqd      r_e ice      Ice frc
     #        mb           um           um          frc
   1       2.026    5.0000000   30.0000000    0.0000000
   2       5.470    8.7350000   30.0000000    0.7470000
   3      15.296   10.0000000   30.0000000    1.0000000
   4      33.936   10.0000000   30.0000000    1.0000000
   5      60.780   10.0000000   30.0000000    1.0000000
   6     103.225   10.0000000   30.0000000    1.0000000
   7     161.270   10.0000000   30.0000000    1.0000000
   8     234.510   10.0000000   30.0000000    1.0000000
   9     323.046   10.0000000   30.0000000    1.0000000
  10     420.091    7.2925000   29.2650049    0.4585000
  11     516.833    5.0000000   24.4899803    0.0000000
  12     613.473    5.0000000   19.7199901    0.0000000
  13     709.910    5.0000000   14.9600197    0.0000000
  14     799.156    5.0000000   10.5549852    0.0000000
  15     873.003    5.0000000   10.0000000    0.0000000
  16     931.555    5.0000000   10.0000000    0.0000000
  17     974.810    5.0000000   10.0000000    0.0000000
  18    1002.769    5.0000000   10.0000000    0.0000000
 
SW Spectral Fluxes:
 Band Wvl Min  Wvl Max  Wvl Ctr      TOA Dwn       TOA Up      Srf Dwn       Srf Up
    #      um       um       um   W m-2 um-1   W m-2 um-1   W m-2 um-1   W m-2 um-1
   1   0.2000   0.2450   0.2225   22.7307307   12.9027456    0.0000000    0.0000000
   2   0.2450   0.2650   0.2550   47.7414086   41.4693592    0.0000000    0.0000000
   3   0.2650   0.2750   0.2700   88.6773464   67.7151235    0.0000000    0.0000000
   4   0.2750   0.2850   0.2800  115.8992295   58.6031126    0.0000000    0.0000000
   5   0.2850   0.2950   0.2900  197.7711052   44.3626240    0.0000000    0.0000000
   6   0.2950   0.3050   0.3000  265.9632971   19.6402877    0.0000000    0.0000000
   7   0.3050   0.3500   0.3275  402.3094910  213.2488038   56.2226388    5.6222639
   8   0.3500   0.6400   0.4950  855.1023061  653.6152143  169.2175872   16.9217587
   9   0.6400   0.7000   0.6700  749.1975500  569.5430716  151.5564747   15.1556475
  10   0.7000   5.0000   2.8500   42.5345608   33.9376324    7.4542510    0.7454251
  11   0.7010   5.0000   2.8505   17.6917535   11.4549067    0.9592833    0.0959283
  12   0.7010   5.0000   2.8505   10.1095734    3.1703644    0.0922187    0.0092219
  13   0.7010   5.0000   2.8505    5.8972512    0.0760835    0.0000000    0.0000000
  14   0.7010   5.0000   2.8505    4.0438294    0.0003431    0.0000000    0.0000000
  15   0.7020   5.0000   2.8510    2.4437154    0.0006095    0.0000000    0.0000000
  16   0.7020   5.0000   2.8510    1.5167888    0.0014611    0.0000000    0.0000000
  17   2.6300   2.8600   2.7450   18.6470497    0.0823764    0.0000000    0.0000000
  18   4.1600   4.5500   4.3550    2.0688913    0.0137407    0.0000000    0.0000000
  19   4.1600   4.5500   4.3550    1.1637514    0.0749413    0.0000000    0.0000000
 
SW Scattering:
 Interface  Pressure      SW down    SW direct   SW diffuse   SW dff/drc
         #        mb        W m-2        W m-2        W m-2          frc
   1           1.013  683.8718826  683.7883494    0.0835332    0.0001222
   2           3.748  680.7854339  680.4934889    0.2919450    0.0004290
   3          10.383  677.0905623  676.3352693    0.7552930    0.0011167
   4          24.616  672.4883784  670.7500503    1.7383281    0.0025916
   5          47.358  667.9325005  664.5614619    3.3710386    0.0050726
   6          82.003  663.5662375  657.6027507    5.9634868    0.0090685
   7         132.248  659.7361138  649.8980975    9.8380163    0.0151378
   8         197.890  655.9433380  641.1013925   14.8419454    0.0231507
   9         278.778  648.6275125  627.7868900   20.8406225    0.0331970
  10         371.569  633.9932387  606.5444035   27.4488352    0.0452545
  11         468.462  618.4717334  584.4247280   34.0470054    0.0582573
  12         565.153  603.2050330  562.8640896   40.3409434    0.0716708
  13         661.691  586.7990327  540.4471639   46.3518688    0.0857658
  14         754.533  569.7315713  517.8476218   51.8839495    0.1001915
  15         836.079  104.3398848    0.0000000  104.3398848 ************
  16         902.279  103.3210235    0.0000000  103.3210234 ************
  17         953.183  100.5377588    0.0000000  100.5377588 ************
  18         988.790   98.5908200    0.0000000   98.5908199 ************
  19        1013.000   97.2701940    0.0000000   97.2701940 ************
 
SW Fluxes:
 Interface  Pressure      SW down        SW up       SW Net
         #        mb        W m-2        W m-2        W m-2
   1           1.013  683.8718826  442.2778571  241.5940255
   2           3.748  680.7854339  442.4673203  238.3181136
   3          10.383  677.0905623  443.1360309  233.9545314
   4          24.616  672.4883784  444.4654310  228.0229474
   5          47.358  667.9325005  445.8407372  222.0917633
   6          82.003  663.5662375  446.8021760  216.7640615
   7         132.248  659.7361138  446.8873039  212.8488099
   8         197.890  655.9433380  446.4073376  209.5360004
   9         278.778  648.6275125  445.5134047  203.1141077
  10         371.569  633.9932387  444.5041212  189.4891176
  11         468.462  618.4717334  443.6829032  174.7888302
  12         565.153  603.2050330  443.3524239  159.8526091
  13         661.691  586.7990327  444.2403217  142.5587111
  14         754.533  569.7315713  448.1124523  121.6191190
  15         836.079  104.3398848   15.1094061   89.2304787
  16         902.279  103.3210235   14.6930639   88.6279596
  17         953.183  100.5377588   12.4036475   88.1341113
  18         988.790   98.5908200   10.8082645   87.7825555
  19        1013.000   97.2701940    9.7270194   87.5431746
 
LW Fluxes:
 Interface  Pressure      LW down        LW up       LW Net
         #        mb        W m-2        W m-2        W m-2
   1           1.013    1.1400789  269.1062169  267.9661380
   2           3.748    3.1372767  268.3873420  265.2500654
   3          10.383    5.5952204  267.3186150  261.7233946
   4          24.616    8.6439748  266.5829170  257.9389422
   5          47.358   11.6921415  266.7697993  255.0776578
   6          82.003   15.0054357  268.1397912  253.1343555
   7         132.248   18.8055889  270.3833805  251.5777916
   8         197.890   24.4675970  274.6216112  250.1540142
   9         278.778   45.4378344  283.0376071  237.5997728
  10         371.569   79.5549301  296.6598322  217.1049022
  11         468.462  115.3525972  312.4445450  197.0919478
  12         565.153  151.7930206  328.3278760  176.5348555
  13         661.691  191.7237685  344.3781635  152.6543950
  14         754.533  234.1118367  358.6580383  124.5462016
  15         836.079  383.6840451  399.9328401   16.2487950
  16         902.279  392.3595818  410.3822305   18.0226487
  17         953.183  399.9053653  417.2137573   17.3083919
  18         988.790  405.5444735  421.4177971   15.8733236
  19        1013.000  409.5421621  423.6160248   14.0738628
 
Total SW+LW Fluxes:
 Interface  Pressure         Down           Up          Net
         #        mb        W m-2        W m-2        W m-2
   1           1.013  685.0119615  711.3840740  -26.3721125
   2           3.748  683.9227106  710.8546624  -26.9319518
   3          10.383  682.6857827  710.4546459  -27.7688632
   4          24.616  681.1323531  711.0483480  -29.9159949
   5          47.358  679.6246420  712.6105365  -32.9858945
   6          82.003  678.5716732  714.9419672  -36.3702940
   7         132.248  678.5417027  717.2706845  -38.7289818
   8         197.890  680.4109349  721.0289488  -40.6180139
   9         278.778  694.0653469  728.5510119  -34.4856650
  10         371.569  713.5481688  741.1639534  -27.6157846
  11         468.462  733.8243306  756.1274482  -22.3031177
  12         565.153  754.9980536  771.6803000  -16.6822464
  13         661.691  778.5228012  788.6184852  -10.0956840
  14         754.533  803.8434080  806.7704907   -2.9270826
  15         836.079  488.0239299  415.0422462   72.9816837
  16         902.279  495.6806053  425.0752944   70.6053109
  17         953.183  500.4431242  429.6174048   70.8257194
  18         988.790  504.1352935  432.2260616   71.9092319
  19        1013.000  506.8123561  433.3430442   73.4693118
 
Heating rates:
 Level  Pressure           SW           LW          Net
     #        mb      K day-1      K day-1      K day-1
   1       2.026   10.1012971   -8.3750287    1.7262684
   2       5.470    5.5463144   -4.4825613    1.0637530
   3      15.296    3.5146047   -2.2423781    1.2722266
   4      33.936    2.1994546   -1.0610470    1.1384076
   5      60.780    1.2969041   -0.4730514    0.8238527
   6     103.225    0.6571569   -0.2612621    0.3958949
   7     161.270    0.4256117   -0.1829192    0.2426926
   8     234.510    0.6695472   -1.3089065   -0.6393593
   9     323.046    1.2383258   -1.8627043   -0.6243785
  10     420.091    1.2794798   -1.7418823   -0.4624025
  11     516.833    1.3027376   -1.7929901   -0.4902525
  12     613.473    1.5107569   -2.0861446   -0.5753876
  13     709.910    1.9020780   -2.5532482   -0.6511702
  14     799.156    3.3495745  -11.1999216   -7.8503471
  15     873.003    0.0767571    0.2259776    0.3027346
  16     931.555    0.0818179   -0.1183338   -0.0365160
  17     974.810    0.0832647   -0.3398908   -0.2566261
  18    1002.769    0.0833850   -0.6268172   -0.5434322
Wrote results to crm.nc                                                                          
Added SRB results to crm.nc                                                                          
End CCM3 CRM
