Begin CCM3 Column Radiation Model
CCM3 CRM Results:
Conventions:
 Shortwave fluxes are positive downward
 Longwave fluxes are positive upward
 Net Radiative fluxes are positive downward (into the system)
 Fluxes defined to be zero are not reported (e.g., LW down flx TOA)
Abbreviations, Acronyms and Definitions:
 LW   = Longwave
 LWCF = Longwave Cloud Forcing
 NCF  = Net Cloud Forcing = SWCF+LWCF
 NIR  = Near Infrared (0.7 < lambda < 5.0 microns)
 N7   = NOAA7 satellite NIR instrument weighted flux
 NRF  = Net Radiative Flux: sum of SW and LW fluxes
 SW   = Shortwave
 SWCF = Shortwave Cloud Forcing
 TOA  = Top of Atmosphere
 Vis  = Visible (0.2 < lambda < 0.7 microns)
 atm  = Atmosphere
 clr  = Clear sky (diagnostic computation with no clouds)
 ctr  = Center
 dff  = Diffuse flux
 drc  = Direct flux
 dwn  = Downwelling
 frc  = Fraction
 lqd  = Liquid
 mpc  = Mass path column
 net  = Net flux = downwelling minus upwelling flux
 spc  = Spectral
 sfc  = Surface level
 vmr  = Volume mixing ratio
 wvl  = Wavelength
 um   = Microns
 up   = Upwelling
 
Sun-Earth Geometry:
 Year AD                        =         1950
 Day of year (Greenwich)        =    83.33333300000000     
 Local solar hour               =    7.999991999999907     
 Latitude                       =   0.0000000000000000E+000 degrees
 Longitude                      =   0.0000000000000000E+000 degrees
 Solar zenith angle             =    60.00642693989762      degrees
 Cosine solar zenith angle      =   0.4999028536921034     
 Earth-sun distance             =    1.005932519293962      AU
 Solar constant                 =    1367.000000000000      W m-2
 
Shortwave (SW) results ( < 5.0 um):
 SW albedo               =   0.1627938696840304     
 SW albedo (clr)         =   0.1577699532590109     
 SW down flux TOA        =    687.4212901018813      W m-2
 SW up flux TOA          =    111.9079719188737      W m-2
 SW up flux TOA (clr)    =    108.4544248086228      W m-2
 SW net flux TOA         =    575.5133181830075      W m-2
 SW net flux TOA (clr)   =    578.9668652932585      W m-2
 SW flux abs atm         =    144.1583178112838      W m-2
 SW flux abs atm (clr)   =    147.0976237647643      W m-2
 SW down flux sfc        =    479.2833337463596      W m-2
 SW up flux sfc          =    47.92833337463595      W m-2
 SW net flux sfc         =    431.3550003717237      W m-2
 SW net flux sfc (clr)   =    431.8692415284942      W m-2
 SW cloud forcing TOA    =   -3.453547110250952      W m-2
 SW cloud forcing sfc    =  -0.5142411567704812      W m-2
 SWCF(sfc)/SWCF(TOA)     =   0.1489023141581276     
 
Longwave (LW) results ( > 5.0 um):
 LW up flux TOA          =    286.3929190565292      W m-2
 LW up flux TOA (clr)    =    287.5329979421354      W m-2
 LW up flux sfc          =    423.6160248432000      W m-2
 LW down flux sfc        =    347.4642294076016      W m-2
 LW net flux sfc         =    76.15179543559836      W m-2
 LW net flux sfc (clr)   =    76.15179543559836      W m-2
 LW cloud forcing TOA    =    1.140078885606158      W m-2
 LW cloud forcing sfc    =   0.0000000000000000E+000 W m-2
 
Net Radiative Flux results (NRF=SW+LW):
 NRF up flux TOA         =    398.3008909754029      W m-2
 NRF down flux TOA       =    687.4212901018813      W m-2
 NRF net flux TOA        =    289.1203991264783      W m-2
 NRF net flux TOA (clr)  =    291.4338673511231      W m-2
 NRF up flux sfc         =    471.5443582178360      W m-2
 NRF down flux sfc       =    826.7475631539613      W m-2
 NRF net flux sfc        =    355.2032049361253      W m-2
 NRF net flux sfc (clr)  =    355.7174460928958      W m-2
 NRF cloud forcing TOA   =   -2.313468224644794      W m-2
 NRF cloud forcing sfc   =  -0.5142411567704812      W m-2
 
Specified atmospheric constituents:
 Visible AOD =   0.1400000000000000     
 H2O mpc     =    29.45420966678089      kg m-2
 O3  mpc     =   6.9467527197190311E-003 kg m-2
 O3  mpc     =    324.4084416284490      Dobson
 CO2 vmr     =   3.5500000000000003E-004
 N2O vmr     =   3.1100000000000003E-007
 CH4 vmr     =   1.7140000000000002E-006
 F11 vmr     =   2.8000000000000004E-010
 F12 vmr     =   5.0300000000000002E-010
 
Column extinction optical depths:
 Visible band = 0.3500--0.6400 um
 Tau total    =   0.4605472089230539     
 Tau Ray      =   0.1551697054034049     
 Tau aer      =   0.2884785910431724     
 Tau lqd      =   0.0000000000000000E+000
 Tau ice      =   0.0000000000000000E+000
 Tau O3       =   1.6898912476476617E-002
 Tau H2O      =   0.0000000000000000E+000
 Tau O2       =   0.0000000000000000E+000
 Tau CO2      =   0.0000000000000000E+000
 
Visible spectral fluxes:
 Visible band          = 0.3500--0.6400 um
 Down spc flux TOA     =    855.1023061036638      W m-2 um-1
 Up spc flux TOA       =    216.5225605142520      W m-2 um-1
 Down spc flux sfc     =    670.9832729829012      W m-2 um-1
 Down spc flux dff sfc =    330.6423929887353      W m-2 um-1
 Down spc flux drc sfc =    340.3408799941659      W m-2 um-1
 Up spc flux sfc       =    67.09832729829013      W m-2 um-1
 
Solar TOA radiation budget components:
 SW alb TOA              =   0.1627938696840304     
 Vis alb TOA             =   0.2495114981329839     
 NIR alb TOA             =   8.7402474498379448E-002
 alb(NIR)/alb(SW) TOA    =   0.5368904533568771     
 alb(NIR)/alb(Vis) TOA   =   0.3502943758198907     
 SW down flux TOA        =    687.4212901018814      W m-2
 SW up flux TOA          =    111.9079719188737      W m-2
 SW net flux TOA         =    575.5133181830076      W m-2
 Vis down flux TOA       =    319.6962697025215      W m-2
 Vis up flux TOA         =    79.76789520100262      W m-2
 Vis net flux TOA        =    239.9283745015189      W m-2
 NIR down flux TOA       =    367.7250203993598      W m-2
 NIR up flux TOA         =    32.14007671787110      W m-2
 NIR net flux TOA        =    335.5849436814887      W m-2
 NIR net flux TOA N7     =    347.5689187163742      W m-2
 NIR net flux TOA N7 (clr) =    347.2675036861392      W m-2
 
Solar surface radiation budget components:
 SW alb sfc              =   9.9999999999999982E-002
 Vis alb sfc             =   0.1000000000000000     
 NIR alb sfc             =   0.1000000000000000     
 SW down flux sfc        =    479.2833337463596      W m-2
 SW down flux drc sfc    =    335.7930105787582      W m-2
 SW down flux dff sfc    =    143.4903231676014      W m-2
 SW down flux dff/drc    =   0.4273177780570471     
 Vis down flux sfc       =    241.7532204704868      W m-2
 Vis down flux drc sfc   =    127.5707329235412      W m-2
 Vis down flux dff sfc   =    114.1824875469456      W m-2
 Vis down flux dff/drc   =   0.8950523754957199     
 NIR down flux sfc       =    237.5301132758729      W m-2
 NIR down flux drc sfc   =    208.2222776552171      W m-2
 NIR down flux dff sfc   =    29.30783562065575      W m-2
 NIR down flux dff/drc   =   0.1407526416034352     
 
 
Cloud microphysics:
 Level  Pressure      r_e lqd      r_e ice      Ice frc
     #        mb           um           um          frc
   1       2.026    5.0000000   30.0000000    0.0000000
   2       5.470    8.7350000   30.0000000    0.7470000
   3      15.296   10.0000000   30.0000000    1.0000000
   4      33.936   10.0000000   30.0000000    1.0000000
   5      60.780   10.0000000   30.0000000    1.0000000
   6     103.225   10.0000000   30.0000000    1.0000000
   7     161.270   10.0000000   30.0000000    1.0000000
   8     234.510   10.0000000   30.0000000    1.0000000
   9     323.046   10.0000000   30.0000000    1.0000000
  10     420.091    7.2925000   29.2650049    0.4585000
  11     516.833    5.0000000   24.4899803    0.0000000
  12     613.473    5.0000000   19.7199901    0.0000000
  13     709.910    5.0000000   14.9600197    0.0000000
  14     799.156    5.0000000   10.5549852    0.0000000
  15     873.003    5.0000000   10.0000000    0.0000000
  16     931.555    5.0000000   10.0000000    0.0000000
  17     974.810    5.0000000   10.0000000    0.0000000
  18    1002.769    5.0000000   10.0000000    0.0000000
 
SW Spectral Fluxes:
 Band Wvl Min  Wvl Max  Wvl Ctr      TOA Dwn       TOA Up      Srf Dwn       Srf Up
    #      um       um       um   W m-2 um-1   W m-2 um-1   W m-2 um-1   W m-2 um-1
   1   0.2000   0.2450   0.2225   22.7307307   12.9027456    0.0000000    0.0000000
   2   0.2450   0.2650   0.2550   47.7414086   41.4693592    0.0000000    0.0000000
   3   0.2650   0.2750   0.2700   88.6773464   67.7151235    0.0000000    0.0000000
   4   0.2750   0.2850   0.2800  115.8992295   58.6031126    0.0000000    0.0000000
   5   0.2850   0.2950   0.2900  197.7711052   44.3626240    0.0000000    0.0000000
   6   0.2950   0.3050   0.3000  265.9632971   19.6395594    0.0000000    0.0000000
   7   0.3050   0.3500   0.3275  402.3094910  130.8283702  173.9886606   17.3988661
   8   0.3500   0.6400   0.4950  855.1023061  216.5225605  670.9832730   67.0983273
   9   0.6400   0.7000   0.6700  749.1975500  129.5976844  655.6430263   65.5643026
  10   0.7000   5.0000   2.8500   42.5345608    6.0109065   38.8994479    3.8899448
  11   0.7010   5.0000   2.8505   17.6917535    1.4093679   14.7308472    1.4730847
  12   0.7010   5.0000   2.8505   10.1095734    0.0401825    1.5727490    0.1572749
  13   0.7010   5.0000   2.8505    5.8972512    0.0003646    0.0000000    0.0000000
  14   0.7010   5.0000   2.8505    4.0438294    0.0003431    0.0000000    0.0000000
  15   0.7020   5.0000   2.8510    2.4437154    0.0006095    0.0000000    0.0000000
  16   0.7020   5.0000   2.8510    1.5167888    0.0014611    0.0000000    0.0000000
  17   2.6300   2.8600   2.7450   18.6470497    0.0653970    0.7491581    0.0749158
  18   4.1600   4.5500   4.3550    2.0688913    0.0137216    0.0026173    0.0002617
  19   4.1600   4.5500   4.3550    1.1637514    0.0749413    0.0000000    0.0000000
 
SW Scattering:
 Interface  Pressure      SW down    SW direct   SW diffuse   SW dff/drc
         #        mb        W m-2        W m-2        W m-2          frc
   1           1.013  683.8608246  683.7883494    0.0724752    0.0001060
   2           3.748  680.7445204  680.4934889    0.2510315    0.0003689
   3          10.383  676.9917154  676.3352693    0.6564461    0.0009706
   4          24.616  672.2543154  670.7500503    1.5042652    0.0022427
   5          47.358  667.4198793  664.5614619    2.8584174    0.0043012
   6          82.003  662.5259403  657.6027507    4.9231896    0.0074866
   7         132.248  657.8013739  649.8980975    7.9032764    0.0121608
   8         197.890  652.7755244  641.1013925   11.6741319    0.0182095
   9         278.778  643.9000459  627.7868900   16.1131559    0.0256666
  10         371.569  627.4600768  606.5444035   20.9156733    0.0344833
  11         468.462  610.0445528  584.4247280   25.6198248    0.0438377
  12         565.153  592.8839205  562.8640896   30.0198309    0.0533341
  13         661.691  574.5871996  540.4471639   34.1400357    0.0631700
  14         754.533  555.7076467  517.8476218   37.8600249    0.0731104
  15         836.079  539.4547373  498.5116802   40.9430571    0.0821306
  16         902.279  526.9428623  483.6189320   43.3239304    0.0895828
  17         953.183  504.3623780  407.1448789   97.2174991    0.2387786
  18         988.790  489.2310379  362.5723677  126.6586702    0.3493335
  19        1013.000  479.2833337  335.7930106  143.4903232    0.4273178
 
SW Fluxes:
 Interface  Pressure      SW down        SW up       SW Net
         #        mb        W m-2        W m-2        W m-2
   1           1.013  683.8608246  108.3475064  575.5133182
   2           3.748  680.7445204  108.3206052  572.4239152
   3          10.383  676.9917154  108.3447537  568.6469618
   4          24.616  672.2543154  108.3669823  563.8873331
   5          47.358  667.4198793  108.1274597  559.2924196
   6          82.003  662.5259403  107.3436163  555.1823240
   7         132.248  657.8013739  105.7272041  552.0741698
   8         197.890  652.7755244  103.4133802  549.3621442
   9         278.778  643.9000459  100.4683659  543.4316800
  10         371.569  627.4600768   97.0885164  530.3715605
  11         468.462  610.0445528   93.5890371  516.4555157
  12         565.153  592.8839205   90.1429308  502.7409897
  13         661.691  574.5871996   86.7736016  487.8135980
  14         754.533  555.7076467   83.6459437  472.0617031
  15         836.079  539.4547373   81.0344944  458.4202429
  16         902.279  526.9428623   79.0516339  447.8912285
  17         953.183  504.3623780   64.3037785  440.0585995
  18         988.790  489.2310379   54.4350696  434.7959683
  19        1013.000  479.2833337   47.9283334  431.3550004
 
LW Fluxes:
 Interface  Pressure      LW down        LW up       LW Net
         #        mb        W m-2        W m-2        W m-2
   1           1.013    1.1400789  287.5329979  286.3929191
   2           3.748    3.1372767  286.8310004  283.6937237
   3          10.383    5.5952204  285.8202978  280.2250775
   4          24.616    8.6439748  285.2368861  276.5929114
   5          47.358   11.6921415  285.6865975  273.9944560
   6          82.003   15.0054357  287.4395396  272.4341038
   7         132.248   18.8055889  290.0491932  271.2436043
   8         197.890   24.4675970  294.6146648  270.1470678
   9         278.778   45.4378344  303.3063062  257.8684718
  10         371.569   79.5549301  317.2322212  237.6772911
  11         468.462  115.3525972  333.4089440  218.0563468
  12         565.153  151.7930206  349.8868636  198.0938431
  13         661.691  191.7237685  367.1725847  175.4488162
  14         754.533  234.1118367  384.8811505  150.7693138
  15         836.079  272.3029245  399.9328401  127.6299156
  16         902.279  301.8014576  410.3822305  108.5807729
  17         953.183  323.1600035  417.2137573   94.0537538
  18         988.790  337.7299121  421.4177971   83.6878850
  19        1013.000  347.4642294  423.6160248   76.1517954
 
Total SW+LW Fluxes:
 Interface  Pressure         Down           Up          Net
         #        mb        W m-2        W m-2        W m-2
   1           1.013  685.0009035  395.8805044  289.1203991
   2           3.748  683.8817970  395.1516056  288.7301915
   3          10.383  682.5869358  394.1650515  288.4218843
   4          24.616  680.8982902  393.6038685  287.2944217
   5          47.358  679.1120208  393.8140572  285.2979636
   6          82.003  677.5313760  394.7831559  282.7482202
   7         132.248  676.6069628  395.7763973  280.8305655
   8         197.890  677.2431214  398.0280450  279.2150764
   9         278.778  689.3378803  403.7746721  285.5632082
  10         371.569  707.0150069  414.3207376  292.6942694
  11         468.462  725.3971500  426.9979812  298.3991688
  12         565.153  744.6769411  440.0297945  304.6471466
  13         661.691  766.3109681  453.9461863  312.3647818
  14         754.533  789.8194835  468.5270942  321.2923893
  15         836.079  811.7576618  480.9673346  330.7903272
  16         902.279  828.7443199  489.4338644  339.3104556
  17         953.183  827.5223815  481.5175358  346.0048457
  18         988.790  826.9609501  475.8528668  351.1080833
  19        1013.000  826.7475632  471.5443582  355.2032049
 
Heating rates:
 Level  Pressure           SW           LW          Net
     #        mb      K day-1      K day-1      K day-1
   1       2.026    9.5261954   -8.3229874    1.2032080
   2       5.470    4.8006821   -4.4088095    0.3918727
   3      15.296    2.8201933   -2.1521449    0.6680484
   4      33.936    1.7039268   -0.9635824    0.7403444
   5      60.780    1.0005064   -0.3798311    0.6206753
   6     103.225    0.5216893   -0.1998198    0.3218695
   7     161.270    0.3484263   -0.1408770    0.2075493
   8     234.510    0.6183108   -1.2801677   -0.6618569
   9     323.046    1.1869868   -1.8351030   -0.6481162
  10     420.091    1.2112211   -1.7077627   -0.4965416
  11     516.833    1.1961813   -1.7411300   -0.5449488
  12     613.473    1.3040241   -1.9782198   -0.6741957
  13     709.910    1.4308461   -2.2417981   -0.8109521
  14     799.156    1.4107751   -2.3930346   -0.9822595
  15     873.003    1.3413288   -2.4267385   -1.0854097
  16     931.555    1.2976637   -2.4067507   -1.1090870
  17     974.810    1.2464355   -2.4551192   -1.2086837
  18    1002.769    1.1986134   -2.6250921   -1.4264787
Wrote results to crm.nc                                                                          
Added SRB results to crm.nc                                                                          
End CCM3 CRM
